
[1402448899352 - elapsed : -1 : connection-id : ( categoy : debug )]


com.p6spy.engine.common.P6SpyOptions reloading properties

[2014.06.11 10:08:19 - elapsed : -1 : connection-id : ( categoy : info )]


Using properties file: F:\project4.3\MyFramework\web\WEB-INF\classes\spy.properties

[2014.06.11 10:08:19 - elapsed : -1 : connection-id : ( categoy : info )]


No value in environment for: getStackTrace, using: false

[2014.06.11 10:08:19 - elapsed : -1 : connection-id : ( categoy : info )]


No value in environment for: getAppender, using: com.p6spy.engine.logging.appender.Log4jLogger

[2014.06.11 10:08:19 - elapsed : -1 : connection-id : ( categoy : info )]


No value in environment for: getFilter, using: false

[2014.06.11 10:08:19 - elapsed : -1 : connection-id : ( categoy : info )]


No value in environment for: getAppend, using: true

[2014.06.11 10:08:19 - elapsed : -1 : connection-id : ( categoy : info )]


No value in environment for: getAutoflush, using: true

[2014.06.11 10:08:19 - elapsed : -1 : connection-id : ( categoy : info )]


No value in environment for: getSpydriver, using: com.p6spy.engine.spy.P6SpyDriver

[2014.06.11 10:08:19 - elapsed : -1 : connection-id : ( categoy : info )]


No value in environment for: getExclude, using: 

[2014.06.11 10:08:19 - elapsed : -1 : connection-id : ( categoy : info )]


No value in environment for: getRealdriver, using: oracle.jdbc.driver.OracleDriver

[2014.06.11 10:08:19 - elapsed : -1 : connection-id : ( categoy : info )]


No value in environment for: getDateformat, using: 

[2014.06.11 10:08:19 - elapsed : -1 : connection-id : ( categoy : info )]


No value in environment for: getInclude, using: 

[2014.06.11 10:08:19 - elapsed : -1 : connection-id : ( categoy : info )]


No value in environment for: getLogfile, using: C:/logs/sql.log

[2014.06.11 10:08:19 - elapsed : -1 : connection-id : ( categoy : info )]


No value in environment for: getUsePrefix, using: false

[2014.06.11 10:08:19 - elapsed : -1 : connection-id : ( categoy : info )]


No value in environment for: getDeregisterDrivers, using: true

[2014.06.11 10:08:19 - elapsed : -1 : connection-id : ( categoy : info )]


No value in environment for: getStringMatcherEngine, using: com.p6spy.engine.common.SubstringMatcher@10310199

[2014.06.11 10:08:19 - elapsed : -1 : connection-id : ( categoy : info )]


No value in environment for: getSQLExpression, using: null

[2014.06.11 10:08:19 - elapsed : -1 : connection-id : ( categoy : info )]


No value in environment for: getStringmatcher, using: com.p6spy.engine.common.SubstringMatcher

[2014.06.11 10:08:19 - elapsed : -1 : connection-id : ( categoy : info )]


No value in environment for: getStackTraceClass, using: 

[2014.06.11 10:08:19 - elapsed : -1 : connection-id : ( categoy : info )]


No value in environment for: getIncludecategories, using: info, statement, commit, rollback

[2014.06.11 10:08:19 - elapsed : -1 : connection-id : ( categoy : info )]


No value in environment for: getReloadProperties, using: false

[2014.06.11 10:08:19 - elapsed : -1 : connection-id : ( categoy : info )]


No value in environment for: getJNDIContextProviderURL, using: null

[2014.06.11 10:08:19 - elapsed : -1 : connection-id : ( categoy : info )]


No value in environment for: getRealdriver3, using: null

[2014.06.11 10:08:19 - elapsed : -1 : connection-id : ( categoy : info )]


No value in environment for: getReloadPropertiesInterval, using: 60

[2014.06.11 10:08:19 - elapsed : -1 : connection-id : ( categoy : info )]


No value in environment for: getJNDIContextFactory, using: null

[2014.06.11 10:08:19 - elapsed : -1 : connection-id : ( categoy : info )]


No value in environment for: getJNDIContextCustom, using: null

[2014.06.11 10:08:19 - elapsed : -1 : connection-id : ( categoy : info )]


No value in environment for: getExcludecategories, using: debug,result,batch,resultset,prepared

[2014.06.11 10:08:19 - elapsed : -1 : connection-id : ( categoy : info )]


No value in environment for: getDateformatter, using: java.text.SimpleDateFormat@b1040140

[2014.06.11 10:08:19 - elapsed : -1 : connection-id : ( categoy : info )]


No value in environment for: getRealdriver2, using: null

[2014.06.11 10:08:19 - elapsed : -1 : connection-id : ( categoy : info )]


No value in environment for: getExecutionThreshold, using: 0

[2014.06.11 10:08:19 - elapsed : -1 : connection-id : ( categoy : info )]


No value in environment for: getRealDataSourceClass, using: null

[2014.06.11 10:08:19 - elapsed : -1 : connection-id : ( categoy : info )]


No value in environment for: getRealDataSourceProperties, using: null

[2014.06.11 10:08:19 - elapsed : -1 : connection-id : ( categoy : info )]


No value in environment for: getRealDataSource, using: null
